Flutter crash report; please file at https://github.com/flutter/flutter/issues.

## command

flutter run

## exception

ProcessException: ProcessException: Resource temporarily unavailable
  Command: /bin/chmod a+x /Users/mhadaniya/Documents/workspace/flutter/wyther_app/android/gradlew

```
#0      _ProcessImpl._runAndWait (dart:io/runtime/binprocess_patch.dart:488:7)
#1      _runNonInteractiveProcessSync (dart:io/runtime/binprocess_patch.dart:633:18)
#2      Process.runSync (dart:io/runtime/binprocess_patch.dart:66:12)
#3      LocalProcessManager.runSync (package:process/src/interface/local_process_manager.dart:83:20)
#4      _PosixUtils.makeExecutable (package:flutter_tools/src/base/os.dart:82:27)
#5      _locateGradlewExecutable (package:flutter_tools/src/android/gradle.dart:154:8)
#6      _initializeGradle (package:flutter_tools/src/android/gradle.dart:171:19)
<asynchronous suspension>
#7      _ensureGradle (package:flutter_tools/src/android/gradle.dart:162:37)
<asynchronous suspension>
#8      _readGradleProject (package:flutter_tools/src/android/gradle.dart:95:31)
<asynchronous suspension>
#9      _gradleProject (package:flutter_tools/src/android/gradle.dart:87:34)
<asynchronous suspension>
#10     getGradleAppOut (package:flutter_tools/src/android/gradle.dart:81:29)
<asynchronous suspension>
#11     AndroidApk.fromAndroidProject (package:flutter_tools/src/application_package.dart:96:23)
<asynchronous suspension>
#12     getApplicationPackageForPlatform (package:flutter_tools/src/application_package.dart:283:30)
<asynchronous suspension>
#13     FlutterDevice.runHot (package:flutter_tools/src/resident_runner.dart:270:21)
<asynchronous suspension>
#14     HotRunner.run (package:flutter_tools/src/run_hot.dart:261:39)
<asynchronous suspension>
#15     RunCommand.runCommand (package:flutter_tools/src/commands/run.dart:391:37)
<asynchronous suspension>
#16     FlutterCommand.verifyThenRunCommand (package:flutter_tools/src/runner/flutter_command.dart:372:18)
#17     _asyncThenWrapperHelper.<anonymous closure> (dart:async/runtime/libasync_patch.dart:77:64)
#18     _rootRunUnary (dart:async/zone.dart:1132:38)
#19     _CustomZone.runUnary (dart:async/zone.dart:1029:19)
#20     _FutureListener.handleValue (dart:async/future_impl.dart:129:18)
#21     Future._propagateToListeners.handleValueCallback (dart:async/future_impl.dart:642:45)
#22     Future._propagateToListeners (dart:async/future_impl.dart:671:32)
#23     Future._complete (dart:async/future_impl.dart:476:7)
#24     _SyncCompleter.complete (dart:async/future_impl.dart:51:12)
#25     _AsyncAwaitCompleter.complete (dart:async/runtime/libasync_patch.dart:28:18)
#26     _completeOnAsyncReturn (dart:async/runtime/libasync_patch.dart:295:13)
#27     RunCommand.usageValues (package:flutter_tools/src/commands/run.dart)
#28     _asyncThenWrapperHelper.<anonymous closure> (dart:async/runtime/libasync_patch.dart:77:64)
#29     _rootRunUnary (dart:async/zone.dart:1132:38)
#30     _CustomZone.runUnary (dart:async/zone.dart:1029:19)
#31     _FutureListener.handleValue (dart:async/future_impl.dart:129:18)
#32     Future._propagateToListeners.handleValueCallback (dart:async/future_impl.dart:642:45)
#33     Future._propagateToListeners (dart:async/future_impl.dart:671:32)
#34     Future._complete (dart:async/future_impl.dart:476:7)
#35     _SyncCompleter.complete (dart:async/future_impl.dart:51:12)
#36     _AsyncAwaitCompleter.complete.<anonymous closure> (dart:async/runtime/libasync_patch.dart:33:20)
#37     _rootRun (dart:async/zone.dart:1124:13)
#38     _CustomZone.run (dart:async/zone.dart:1021:19)
#39     _CustomZone.bindCallback.<anonymous closure> (dart:async/zone.dart:947:23)
#40     _microtaskLoop (dart:async/schedule_microtask.dart:41:21)
#41     _startMicrotaskLoop (dart:async/schedule_microtask.dart:50:5)
#42     _runPendingImmediateCallback (dart:isolate/runtime/libisolate_patch.dart:115:13)
#43     _RawReceivePortImpl._handleMessage (dart:isolate/runtime/libisolate_patch.dart:172:5)
```

## flutter doctor

```
encountered exception: ProcessException: Resource temporarily unavailable
  Command: /Applications/Android Studio.app/Contents/jre/jdk/Contents/Home/bin/java -version

#0      _ProcessImpl._runAndWait (dart:io/runtime/binprocess_patch.dart:488:7)
#1      _runNonInteractiveProcessSync (dart:io/runtime/binprocess_patch.dart:633:18)
#2      Process.runSync (dart:io/runtime/binprocess_patch.dart:66:12)
#3      LocalProcessManager.runSync (package:process/src/interface/local_process_manager.dart:83:20)
#4      AndroidStudio._init (package:flutter_tools/src/android/android_studio.dart:257:51)
#5      new AndroidStudio (package:flutter_tools/src/android/android_studio.dart:35:5)
#6      new AndroidStudio.fromMacOSBundle (package:flutter_tools/src/android/android_studio.dart:58:16)
#7      AndroidStudio._allMacOS.<anonymous closure> (package:flutter_tools/src/android/android_studio.dart:184:42)
#8      MappedListIterable.elementAt (dart:_internal/iterable.dart:414:29)
#9      ListIterator.moveNext (dart:_internal/iterable.dart:343:26)
#10     WhereIterator.moveNext (dart:_internal/iterable.dart:438:22)
#11     new List.from (dart:core/runtime/libarray_patch.dart:40:17)
#12     Iterable.toList (dart:core/iterable.dart:398:16)
#13     AndroidStudio._allMacOS (package:flutter_tools/src/android/android_studio.dart:186:10)
#14     AndroidStudio.allInstalled (package:flutter_tools/src/android/android_studio.dart:141:26)
#15     AndroidStudioValidator.allValidators (package:flutter_tools/src/android/android_studio_validator.dart:20:55)
#16     _DefaultDoctorValidatorsProvider.validators (package:flutter_tools/src/doctor.dart:57:51)
#17     Doctor.validators (package:flutter_tools/src/doctor.dart:97:46)
#18     Doctor.startValidatorTasks (package:flutter_tools/src/doctor.dart:104:39)
#19     Doctor.diagnose (package:flutter_tools/src/doctor.dart:183:42)
<asynchronous suspension>
#20     _doctorText.<anonymous closure> (package:flutter_tools/runner.dart:194:26)
#21     AppContext.run.<anonymous closure> (package:flutter_tools/src/base/context.dart:142:29)
<asynchronous suspension>
#22     _rootRun (dart:async/zone.dart:1124:13)
#23     _CustomZone.run (dart:async/zone.dart:1021:19)
#24     _runZoned (dart:async/zone.dart:1516:10)
#25     runZoned (dart:async/zone.dart:1463:12)
#26     AppContext.run (package:flutter_tools/src/base/context.dart:141:18)
<asynchronous suspension>
#27     _doctorText (package:flutter_tools/runner.dart:193:19)
<asynchronous suspension>
#28     _createLocalCrashReport (package:flutter_tools/runner.dart:171:32)
<asynchronous suspension>
#29     _handleToolError (package:flutter_tools/runner.dart:126:33)
<asynchronous suspension>
#30     run.<anonymous closure> (package:flutter_tools/runner.dart:63:20)
<asynchronous suspension>
#31     AppContext.run.<anonymous closure> (package:flutter_tools/src/base/context.dart:142:29)
<asynchronous suspension>
#32     _rootRun (dart:async/zone.dart:1124:13)
#33     _CustomZone.run (dart:async/zone.dart:1021:19)
#34     _runZoned (dart:async/zone.dart:1516:10)
#35     runZoned (dart:async/zone.dart:1463:12)
#36     AppContext.run (package:flutter_tools/src/base/context.dart:141:18)
<asynchronous suspension>
#37     runInContext (package:flutter_tools/src/context_runner.dart:42:24)
<asynchronous suspension>
#38     run (package:flutter_tools/runner.dart:50:10)
#39     main (package:flutter_tools/executable.dart:52:9)
<asynchronous suspension>
#40     main (file:///Users/mhadaniya/development/flutter/packages/flutter_tools/bin/flutter_tools.dart:8:3)
#41     _startIsolate.<anonymous closure> (dart:isolate/runtime/libisolate_patch.dart:287:32)
#42     _RawReceivePortImpl._handleMessage (dart:isolate/runtime/libisolate_patch.dart:171:12)
```
